2022-10-31 14:12:41,109 INFO o.s.b.StartupInfoLogger [restartedMain] Starting SpringbootDataJpa1Application on LAPTOP-J00S0K3O with PID 18256 (started by ROOBINI in F:\KISHORE\JAVA PROGRAMS\WorkSpace\UpdatedHotel)
2022-10-31 14:12:41,115 DEBUG o.s.b.StartupInfoLogger [restartedMain] Running with Spring Boot v2.2.4.RELEASE, Spring v5.2.3.RELEASE
2022-10-31 14:12:41,116 INFO o.s.b.SpringApplication [restartedMain] No active profile set, falling back to default profiles: default
2022-10-31 14:12:41,154 INFO o.s.b.l.DeferredLog [restartedMain] The Class-Path manifest attribute in C:\Users\ROOBINI\.m2\repository\org\glassfish\jaxb\jaxb-runtime\2.3.2\jaxb-runtime-2.3.2.jar referenced one or more files that do not exist: file:/C:/Users/ROOBINI/.m2/repository/org/glassfish/jaxb/jaxb-runtime/2.3.2/jakarta.xml.bind-api-2.3.2.jar,file:/C:/Users/ROOBINI/.m2/repository/org/glassfish/jaxb/jaxb-runtime/2.3.2/txw2-2.3.2.jar,file:/C:/Users/ROOBINI/.m2/repository/org/glassfish/jaxb/jaxb-runtime/2.3.2/istack-commons-runtime-3.0.8.jar,file:/C:/Users/ROOBINI/.m2/repository/org/glassfish/jaxb/jaxb-runtime/2.3.2/stax-ex-1.8.1.jar,file:/C:/Users/ROOBINI/.m2/repository/org/glassfish/jaxb/jaxb-runtime/2.3.2/FastInfoset-1.2.16.jar,file:/C:/Users/ROOBINI/.m2/repository/org/glassfish/jaxb/jaxb-runtime/2.3.2/jakarta.activation-api-1.2.1.jar
2022-10-31 14:12:41,154 INFO o.s.b.l.DeferredLog [restartedMain] The Class-Path manifest attribute in C:\Users\ROOBINI\.m2\repository\com\oracle\database\jdbc\ojdbc8\21.7.0.0\ojdbc8-21.7.0.0.jar referenced one or more files that do not exist: file:/C:/Users/ROOBINI/.m2/repository/com/oracle/database/jdbc/ojdbc8/21.7.0.0/oraclepki.jar
2022-10-31 14:12:41,154 INFO o.s.b.l.DeferredLog [restartedMain] Devtools property defaults active! Set 'spring.devtools.add-properties' to 'false' to disable
2022-10-31 14:12:41,155 INFO o.s.b.l.DeferredLog [restartedMain] For additional web related logging consider setting the 'logging.level.web' property to 'DEBUG'
2022-10-31 14:12:41,690 INFO o.s.d.r.c.RepositoryConfigurationDelegate [restartedMain] Bootstrapping Spring Data JPA repositories in DEFAULT mode.
2022-10-31 14:12:41,747 INFO o.s.d.r.c.RepositoryConfigurationDelegate [restartedMain] Finished Spring Data repository scanning in 51ms. Found 9 JPA repository interfaces.
2022-10-31 14:12:41,980 INFO o.s.c.s.PostProcessorRegistrationDelegate$BeanPostProcessorChecker [restartedMain] Bean 'org.springframework.transaction.annotation.ProxyTransactionManagementConfiguration' of type [org.springframework.transaction.annotation.ProxyTransactionManagementConfiguration] is not eligible for getting processed by all BeanPostProcessors (for example: not eligible for auto-proxying)
2022-10-31 14:12:42,172 INFO o.s.b.w.e.t.TomcatWebServer [restartedMain] Tomcat initialized with port(s): 8081 (http)
2022-10-31 14:12:42,179 INFO o.a.j.l.DirectJDKLog [restartedMain] Initializing ProtocolHandler ["http-nio-8081"]
2022-10-31 14:12:42,180 INFO o.a.j.l.DirectJDKLog [restartedMain] Starting service [Tomcat]
2022-10-31 14:12:42,180 INFO o.a.j.l.DirectJDKLog [restartedMain] Starting Servlet engine: [Apache Tomcat/9.0.30]
2022-10-31 14:12:42,380 INFO o.a.j.l.DirectJDKLog [restartedMain] Initializing Spring embedded WebApplicationContext
2022-10-31 14:12:42,380 INFO o.s.b.w.s.c.ServletWebServerApplicationContext [restartedMain] Root WebApplicationContext: initialization completed in 1225 ms
2022-10-31 14:12:42,497 INFO o.h.j.i.u.LogHelper [restartedMain] HHH000204: Processing PersistenceUnitInfo [name: default]
2022-10-31 14:12:42,538 INFO o.h.Version [restartedMain] HHH000412: Hibernate Core {5.4.10.Final}
2022-10-31 14:12:42,616 INFO o.h.a.c.r.j.JavaReflectionManager [restartedMain] HCANN000001: Hibernate Commons Annotations {5.1.0.Final}
2022-10-31 14:12:42,682 INFO c.z.h.HikariDataSource [restartedMain] HikariPool-1 - Starting...
2022-10-31 14:12:42,966 INFO c.z.h.p.PoolBase [restartedMain] HikariPool-1 - Driver does not support get/set network timeout for connections. (oracle.jdbc.driver.T4CConnection.getNetworkTimeout()I)
2022-10-31 14:12:42,968 INFO c.z.h.HikariDataSource [restartedMain] HikariPool-1 - Start completed.
2022-10-31 14:12:42,985 INFO o.h.d.Dialect [restartedMain] HHH000400: Using dialect: org.hibernate.dialect.Oracle10gDialect
2022-10-31 14:12:43,762 INFO o.h.e.t.j.p.i.JtaPlatformInitiator [restartedMain] HHH000490: Using JtaPlatform implementation: [org.hibernate.engine.transaction.jta.platform.internal.NoJtaPlatform]
2022-10-31 14:12:43,768 INFO o.s.o.j.AbstractEntityManagerFactoryBean [restartedMain] Initialized JPA EntityManagerFactory for persistence unit 'default'
2022-10-31 14:12:43,787 WARN o.s.b.d.a.OptionalLiveReloadServer [restartedMain] Unable to start LiveReload server
2022-10-31 14:12:43,942 WARN o.s.b.a.o.j.JpaBaseConfiguration$JpaWebConfiguration [restartedMain] spring.jpa.open-in-view is enabled by default. Therefore, database queries may be performed during view rendering. Explicitly configure spring.jpa.open-in-view to disable this warning
2022-10-31 14:12:44,354 INFO o.s.s.w.DefaultSecurityFilterChain [restartedMain] Creating filter chain: any request, [org.springframework.security.web.context.request.async.WebAsyncManagerIntegrationFilter@684274c1, org.springframework.security.web.context.SecurityContextPersistenceFilter@ccdd149, org.springframework.security.web.header.HeaderWriterFilter@7be077da, org.springframework.security.web.authentication.logout.LogoutFilter@2e74718f, org.springframework.security.web.authentication.UsernamePasswordAuthenticationFilter@7acdd811, org.springframework.security.web.authentication.ui.DefaultLoginPageGeneratingFilter@794e19e5, org.springframework.security.web.authentication.ui.DefaultLogoutPageGeneratingFilter@77bdd276, org.springframework.security.web.authentication.www.BasicAuthenticationFilter@2b1afdaa, org.springframework.security.web.savedrequest.RequestCacheAwareFilter@63494208, org.springframework.security.web.servletapi.SecurityContextHolderAwareRequestFilter@50fa8768, org.springframework.security.web.authentication.AnonymousAuthenticationFilter@45f5d32a, org.springframework.security.web.session.SessionManagementFilter@22e8c722, org.springframework.security.web.access.ExceptionTranslationFilter@357ec304, org.springframework.security.web.access.intercept.FilterSecurityInterceptor@3f76294e]
2022-10-31 14:12:44,423 INFO o.s.s.c.ExecutorConfigurationSupport [restartedMain] Initializing ExecutorService 'applicationTaskExecutor'
2022-10-31 14:12:44,848 INFO o.a.j.l.DirectJDKLog [restartedMain] Starting ProtocolHandler ["http-nio-8081"]
2022-10-31 14:12:44,863 INFO o.s.b.w.e.t.TomcatWebServer [restartedMain] Tomcat started on port(s): 8081 (http) with context path ''
2022-10-31 14:12:44,864 INFO o.s.b.StartupInfoLogger [restartedMain] Started SpringbootDataJpa1Application in 4.085 seconds (JVM running for 5.062)
2022-10-31 14:13:47,991 INFO o.s.b.a.SpringApplicationAdminMXBeanRegistrar$SpringApplicationAdmin [RMI TCP Connection(3)-127.0.0.1] Application shutdown requested.
2022-10-31 14:13:47,993 INFO o.s.s.c.ExecutorConfigurationSupport [RMI TCP Connection(3)-127.0.0.1] Shutting down ExecutorService 'applicationTaskExecutor'
2022-10-31 14:13:47,996 INFO o.s.o.j.AbstractEntityManagerFactoryBean [RMI TCP Connection(3)-127.0.0.1] Closing JPA EntityManagerFactory for persistence unit 'default'
2022-10-31 14:13:48,000 INFO c.z.h.HikariDataSource [RMI TCP Connection(3)-127.0.0.1] HikariPool-1 - Shutdown initiated...
2022-10-31 14:13:48,007 INFO c.z.h.HikariDataSource [RMI TCP Connection(3)-127.0.0.1] HikariPool-1 - Shutdown completed.
